23:12:09:142 [20292] | INFO  | Initializing crosire's ReShade version '5.1.0.1453' (64-bit) loaded from "C:\Users\Secret322\Downloads\GZDoom\OPENGL32.DLL" into "C:\Users\Secret322\Downloads\GZDoom\gzdoom.exe" ...
23:12:09:172 [20292] | INFO  | Registering hooks for "user32.dll" ...
23:12:09:172 [20292] | INFO  | > Libraries loaded.
23:12:09:173 [20292] | INFO  | > Found 14 match(es). Installing ...
23:12:09:203 [20292] | INFO  | Registering hooks for "ws2_32.dll" ...
23:12:09:203 [20292] | INFO  | > Libraries loaded.
23:12:09:203 [20292] | INFO  | > Found 8 match(es). Installing ...
23:12:09:232 [20292] | INFO  | Registering hooks for "C:\Windows\system32\opengl32.dll" ...
23:12:09:233 [20292] | INFO  | > Delayed until first call to an exported function.
23:12:09:233 [20292] | INFO  | Registering hooks for "vrclient_x64.dll" ...
23:12:09:233 [20292] | INFO  | > Delayed.
23:12:09:233 [20292] | INFO  | Initialized.
23:12:09:263 [20292] | INFO  | Redirecting wglChoosePixelFormat(hdc = FFFFFFFFAD0115DB, ppfd = 000000053FD1EB40) ...
23:12:09:263 [20292] | INFO  | > Dumping pixel format descriptor:
23:12:09:263 [20292] | INFO  |   +-----------------------------------------+-----------------------------------------+
23:12:09:263 [20292] | INFO  |   | Name                                    | Value                                   |
23:12:09:263 [20292] | INFO  |   +-----------------------------------------+-----------------------------------------+
23:12:09:263 [20292] | INFO  |   | Flags                                   | 0x25                                    |
23:12:09:264 [20292] | INFO  |   | ColorBits                               | 32                                      |
23:12:09:264 [20292] | INFO  |   | DepthBits                               | 16                                      |
23:12:09:264 [20292] | INFO  |   | StencilBits                             | 0                                       |
23:12:09:264 [20292] | INFO  |   +-----------------------------------------+-----------------------------------------+
23:12:09:264 [20292] | INFO  | Installing export hooks for "C:\Windows\system32\opengl32.dll" ...
23:12:09:265 [20292] | INFO  | > Found 360 match(es). Installing ...
23:12:09:305 [20292] | INFO  | > Returning pixel format: 9
23:12:09:305 [20292] | INFO  | Redirecting wglSetPixelFormat(hdc = FFFFFFFFAD0115DB, iPixelFormat = 9, ppfd = 000000053FD1EB40) ...
23:12:09:305 [20292] | INFO  | Redirecting wglCreateContext(hdc = FFFFFFFFAD0115DB) ...
23:12:09:305 [20292] | INFO  | > Passing on to wglCreateLayerContext:
23:12:09:305 [20292] | INFO  | Redirecting wglCreateLayerContext(hdc = FFFFFFFFAD0115DB, iLayerPlane = 0) ...
23:12:09:555 [20292] | INFO  | Running on NVIDIA GeForce RTX 3090/PCIe/SSE2 using OpenGL 4.6.0 NVIDIA 536.67
23:12:09:557 [20292] | INFO  | Redirecting wglDeleteContext(hglrc = 0000000000010000) ...
23:12:09:561 [20292] | INFO  | Redirecting wglChoosePixelFormatARB(hdc = FFFFFFFFC7012997, piAttribIList = 00000138DB2D8D10, pfAttribFList = 000000053FD1EA68, nMaxFormats = 1, piFormats = 000000053FD1EB88, nNumFormats = 000000053FD1EB80) ...
23:12:09:561 [20292] | INFO  | > Dumping attributes:
23:12:09:561 [20292] | INFO  |   +-----------------------------------------+-----------------------------------------+
23:12:09:561 [20292] | INFO  |   | Attribute                               | Value                                   |
23:12:09:561 [20292] | INFO  |   +-----------------------------------------+-----------------------------------------+
23:12:09:561 [20292] | INFO  |   | WGL_DEPTH_BITS_ARB                      | 24                                      |
23:12:09:561 [20292] | INFO  |   | WGL_STENCIL_BITS_ARB                    | 8                                       |
23:12:09:561 [20292] | INFO  |   | WGL_DRAW_TO_WINDOW_ARB                  | TRUE                                    |
23:12:09:561 [20292] | INFO  |   | WGL_SUPPORT_OPENGL_ARB                  | TRUE                                    |
23:12:09:561 [20292] | INFO  |   | WGL_DOUBLE_BUFFER_ARB                   | TRUE                                    |
23:12:09:562 [20292] | INFO  |   | WGL_ACCELERATION_ARB                    | 0x2027                                  |
23:12:09:562 [20292] | INFO  |   | WGL_RED_BITS_ARB                        | 8                                       |
23:12:09:562 [20292] | INFO  |   | WGL_GREEN_BITS_ARB                      | 8                                       |
23:12:09:562 [20292] | INFO  |   | WGL_BLUE_BITS_ARB                       | 8                                       |
23:12:09:562 [20292] | INFO  |   | WGL_ALPHA_BITS_ARB                      | 8                                       |
23:12:09:562 [20292] | INFO  |   +-----------------------------------------+-----------------------------------------+
23:12:09:581 [20292] | INFO  | > Returning pixel format(s): 12
23:12:09:582 [20292] | INFO  | Redirecting wglSetPixelFormat(hdc = FFFFFFFFC7012997, iPixelFormat = 12, ppfd = 0000000000000000) ...
23:12:09:582 [20292] | INFO  | Redirecting wglCreateContextAttribsARB(hdc = FFFFFFFFC7012997, hShareContext = 0000000000000000, piAttribList = 000000053FD1EB90) ...
23:12:09:582 [20292] | INFO  | > Requesting core OpenGL context for version 4.6 ...
23:12:09:582 [20292] | INFO  | Redirecting wglCreateLayerContext(hdc = FFFFFFFFC7012997, iLayerPlane = 0) ...
23:12:09:584 [20292] | WARN  | Window class style of window 000000000004135A is missing 'CS_OWNDC' flag.
23:12:09:722 [20292] | INFO  | Running on NVIDIA GeForce RTX 3090/PCIe/SSE2 using OpenGL 4.6.0 NVIDIA 536.67
23:12:10:296 [20292] | INFO  | Redirecting wglCreateContext(hdc = FFFFFFFFC7012997) ...
23:12:10:297 [20292] | INFO  | > Passing on to wglCreateLayerContext:
23:12:10:297 [20292] | INFO  | Redirecting wglCreateLayerContext(hdc = FFFFFFFFC7012997, iLayerPlane = 0) ...
23:12:10:298 [20292] | WARN  | Window class style of window 000000000004135A is missing 'CS_OWNDC' flag.
23:12:10:456 [20292] | INFO  | Running on NVIDIA GeForce RTX 3090/PCIe/SSE2 using OpenGL 4.6.0 NVIDIA 536.67
23:12:10:474 [14048] | INFO  | Successfully compiled "C:\Users\Secret322\Downloads\GZDoom\reshade-shaders\Shaders\AstrayFX\NFAA.fx".
23:12:10:476 [17768] | INFO  | Successfully compiled "C:\Users\Secret322\Downloads\GZDoom\reshade-shaders\Shaders\PD80\PD80_02_LUT_Creator.fx".
23:12:10:476 [11308] | INFO  | Successfully compiled "C:\Users\Secret322\Downloads\GZDoom\reshade-shaders\Shaders\SCurve.fx".
23:12:10:477 [26320] | INFO  | Successfully compiled "C:\Users\Secret322\Downloads\GZDoom\reshade-shaders\Shaders\Technicolor.fx".
23:12:10:477 [23820] | INFO  | Successfully compiled "C:\Users\Secret322\Downloads\GZDoom\reshade-shaders\Shaders\Daltonize.fx".
23:12:10:477 [25400] | INFO  | Successfully compiled "C:\Users\Secret322\Downloads\GZDoom\reshade-shaders\Shaders\DPX.fx".
23:12:10:477 [26400] | INFO  | Successfully compiled "C:\Users\Secret322\Downloads\GZDoom\reshade-shaders\Shaders\Cartoon.fx".
23:12:10:477 [11972] | INFO  | Successfully compiled "C:\Users\Secret322\Downloads\GZDoom\reshade-shaders\Shaders\Levels.fx".
23:12:10:478 [23836] | INFO  | Successfully compiled "C:\Users\Secret322\Downloads\GZDoom\reshade-shaders\Shaders\FramerateLimiter.fx".
23:12:10:480 [26256] | INFO  | Successfully compiled "C:\Users\Secret322\Downloads\GZDoom\reshade-shaders\Shaders\CRT.fx".
23:12:10:480 [04936] | INFO  | Successfully compiled "C:\Users\Secret322\Downloads\GZDoom\reshade-shaders\Shaders\PD80\PD80_05_Sharpening.fx".
23:12:10:482 [22592] | INFO  | Successfully compiled "C:\Users\Secret322\Downloads\GZDoom\reshade-shaders\Shaders\AstrayFX\BloomingHDR.fx".
23:12:10:486 [11308] | INFO  | Successfully compiled "C:\Users\Secret322\Downloads\GZDoom\reshade-shaders\Shaders\Sepia.fx".
23:12:10:488 [07024] | INFO  | Successfully compiled "C:\Users\Secret322\Downloads\GZDoom\reshade-shaders\Shaders\AdaptiveTonemapper.fx".
23:12:10:489 [26320] | INFO  | Successfully compiled "C:\Users\Secret322\Downloads\GZDoom\reshade-shaders\Shaders\Technicolor2.fx".
23:12:10:489 [26880] | INFO  | Successfully compiled "C:\Users\Secret322\Downloads\GZDoom\reshade-shaders\Shaders\NormalMap.fx".
23:12:10:489 [26400] | INFO  | Successfully compiled "C:\Users\Secret322\Downloads\GZDoom\reshade-shaders\Shaders\CAS.fx".
23:12:10:490 [25788] | INFO  | Successfully compiled "C:\Users\Secret322\Downloads\GZDoom\reshade-shaders\Shaders\PD80\PD80_01B_RT_Correct_Color.fx".
23:12:10:490 [23820] | INFO  | Successfully compiled "C:\Users\Secret322\Downloads\GZDoom\reshade-shaders\Shaders\Deband.fx".
23:12:10:493 [25400] | INFO  | Successfully compiled "C:\Users\Secret322\Downloads\GZDoom\reshade-shaders\Shaders\FakeHDR.fx".
23:12:10:494 [11972] | INFO  | Successfully compiled "C:\Users\Secret322\Downloads\GZDoom\reshade-shaders\Shaders\LiftGammaGain.fx".
23:12:10:496 [04936] | INFO  | Successfully compiled "C:\Users\Secret322\Downloads\GZDoom\reshade-shaders\Shaders\PD80\PD80_06_Chromatic_Aberration.fx".
23:12:10:498 [17768] | INFO  | Successfully compiled "C:\Users\Secret322\Downloads\GZDoom\reshade-shaders\Shaders\PD80\PD80_03_Color_Space_Curves.fx".
23:12:10:500 [16472] | INFO  | Successfully compiled "C:\Users\Secret322\Downloads\GZDoom\reshade-shaders\Shaders\Unsharp.fx".
23:12:10:500 [26320] | INFO  | Successfully compiled "C:\Users\Secret322\Downloads\GZDoom\reshade-shaders\Shaders\Tonemap.fx".
23:12:10:501 [18108] | INFO  | Successfully compiled "C:\Users\Secret322\Downloads\GZDoom\reshade-shaders\Shaders\PD80\PD80_04_BlacknWhite.fx".
23:12:10:502 [22592] | INFO  | Successfully compiled "C:\Users\Secret322\Downloads\GZDoom\reshade-shaders\Shaders\AstrayFX\Clarity.fx".
23:12:10:502 [26400] | INFO  | Successfully compiled "C:\Users\Secret322\Downloads\GZDoom\reshade-shaders\Shaders\Checkerboard.fx".
23:12:10:504 [11308] | INFO  | Successfully compiled "C:\Users\Secret322\Downloads\GZDoom\reshade-shaders\Shaders\Sketch.fx".
23:12:10:506 [25788] | INFO  | Successfully compiled "C:\Users\Secret322\Downloads\GZDoom\reshade-shaders\Shaders\PD80\PD80_01_Color_Gamut.fx".
23:12:10:507 [26256] | INFO  | Successfully compiled "C:\Users\Secret322\Downloads\GZDoom\reshade-shaders\Shaders\CRT_Lottes.fx".
23:12:10:509 [26880] | INFO  | Successfully compiled "C:\Users\Secret322\Downloads\GZDoom\reshade-shaders\Shaders\Nostalgia.fx".
23:12:10:509 [23836] | INFO  | Successfully compiled "C:\Users\Secret322\Downloads\GZDoom\reshade-shaders\Shaders\FXAA.fx".
23:12:10:510 [16472] | INFO  | Successfully compiled "C:\Users\Secret322\Downloads\GZDoom\reshade-shaders\Shaders\Vibrance.fx".
23:12:10:511 [07024] | INFO  | Successfully compiled "C:\Users\Secret322\Downloads\GZDoom\reshade-shaders\Shaders\ArcaneBloom.fx".
23:12:10:511 [26320] | INFO  | Successfully compiled "C:\Users\Secret322\Downloads\GZDoom\reshade-shaders\Shaders\TrackingRays.fx".
23:12:10:512 [14972] | INFO  | Successfully compiled "C:\Users\Secret322\Downloads\GZDoom\reshade-shaders\Shaders\PD80\PD80_04_Magical_Rectangle.fx".
23:12:10:514 [17768] | INFO  | Successfully compiled "C:\Users\Secret322\Downloads\GZDoom\reshade-shaders\Shaders\PD80\PD80_03_Curved_Levels.fx".
23:12:10:514 [26400] | INFO  | Successfully compiled "C:\Users\Secret322\Downloads\GZDoom\reshade-shaders\Shaders\ChromaticAberration.fx".
23:12:10:515 [25400] | INFO  | Successfully compiled "C:\Users\Secret322\Downloads\GZDoom\reshade-shaders\Shaders\FilmGrain.fx".
23:12:10:516 [18108] | INFO  | Successfully compiled "C:\Users\Secret322\Downloads\GZDoom\reshade-shaders\Shaders\PD80\PD80_04_Color_Balance.fx".
23:12:10:516 [23820] | INFO  | Successfully compiled "C:\Users\Secret322\Downloads\GZDoom\reshade-shaders\Shaders\DepthAlpha.fx".
23:12:10:517 [26256] | INFO  | Successfully compiled "C:\Users\Secret322\Downloads\GZDoom\reshade-shaders\Shaders\CRT_Yee64.fx".
23:12:10:517 [26880] | INFO  | Successfully compiled "C:\Users\Secret322\Downloads\GZDoom\reshade-shaders\Shaders\Overlay.fx".
23:12:10:517 [04936] | INFO  | Successfully compiled "C:\Users\Secret322\Downloads\GZDoom\reshade-shaders\Shaders\PD80\PD80_06_Depth_Slicer.fx".
23:12:10:518 [04768] | INFO  | Successfully compiled "C:\Users\Secret322\Downloads\GZDoom\reshade-shaders\Shaders\MagicHDR.fx".
23:12:10:521 [07024] | INFO  | Successfully compiled "C:\Users\Secret322\Downloads\GZDoom\reshade-shaders\Shaders\ArtisticVignette.fx".
23:12:10:522 [16472] | INFO  | Successfully compiled "C:\Users\Secret322\Downloads\GZDoom\reshade-shaders\Shaders\Vignette.fx".
23:12:10:524 [23836] | INFO  | Successfully compiled "C:\Users\Secret322\Downloads\GZDoom\reshade-shaders\Shaders\GrainSpread.fx".
23:12:10:524 [26320] | INFO  | Successfully compiled "C:\Users\Secret322\Downloads\GZDoom\reshade-shaders\Shaders\UIMask.fx".
23:12:10:525 [25788] | INFO  | Successfully compiled "C:\Users\Secret322\Downloads\GZDoom\reshade-shaders\Shaders\PD80\PD80_02_Bloom.fx".
23:12:10:526 [25400] | INFO  | Successfully compiled "C:\Users\Secret322\Downloads\GZDoom\reshade-shaders\Shaders\Flashlight.fx".
23:12:10:527 [23820] | INFO  | Successfully compiled "C:\Users\Secret322\Downloads\GZDoom\reshade-shaders\Shaders\DisplayDepth.fx".
23:12:10:527 [14972] | INFO  | Successfully compiled "C:\Users\Secret322\Downloads\GZDoom\reshade-shaders\Shaders\PD80\PD80_04_Saturation_Limit.fx".
23:12:10:527 [26256] | INFO  | Successfully compiled "C:\Users\Secret322\Downloads\GZDoom\reshade-shaders\Shaders\CRT_Yeetron.fx".
23:12:10:530 [17768] | INFO  | Successfully compiled "C:\Users\Secret322\Downloads\GZDoom\reshade-shaders\Shaders\PD80\PD80_03_Filmic_Adaptation.fx".
23:12:10:530 [04768] | INFO  | Successfully compiled "C:\Users\Secret322\Downloads\GZDoom\reshade-shaders\Shaders\MBMB.fx".
23:12:10:530 [11972] | INFO  | Successfully compiled "C:\Users\Secret322\Downloads\GZDoom\reshade-shaders\Shaders\LiquidLens.fx".
23:12:10:533 [22592] | INFO  | Successfully compiled "C:\Users\Secret322\Downloads\GZDoom\reshade-shaders\Shaders\AstrayFX\Depth_Cues.fx".
23:12:10:534 [11308] | INFO  | Successfully compiled "C:\Users\Secret322\Downloads\GZDoom\reshade-shaders\Shaders\SMAA.fx".
23:12:10:534 [18108] | INFO  | Successfully compiled "C:\Users\Secret322\Downloads\GZDoom\reshade-shaders\Shaders\PD80\PD80_04_Color_Gradients.fx".
23:12:10:534 [26880] | INFO  | Successfully compiled "C:\Users\Secret322\Downloads\GZDoom\reshade-shaders\Shaders\PiecewiseFilmicTonemap.fx".
23:12:10:535 [07024] | INFO  | Successfully compiled "C:\Users\Secret322\Downloads\GZDoom\reshade-shaders\Shaders\ASCII.fx".
23:12:10:535 [16472] | INFO  | Successfully compiled "C:\Users\Secret322\Downloads\GZDoom\reshade-shaders\Shaders\VirtualResolution.fx".
23:12:10:536 [23836] | INFO  | Successfully compiled "C:\Users\Secret322\Downloads\GZDoom\reshade-shaders\Shaders\HexLensFlare.fx".
23:12:10:536 [26256] | INFO  | Successfully compiled "C:\Users\Secret322\Downloads\GZDoom\reshade-shaders\Shaders\Cursor.fx".
23:12:10:537 [04936] | INFO  | Successfully compiled "C:\Users\Secret322\Downloads\GZDoom\reshade-shaders\Shaders\PD80\PD80_06_Film_Grain.fx".
23:12:10:539 [23820] | INFO  | Successfully compiled "C:\Users\Secret322\Downloads\GZDoom\reshade-shaders\Shaders\Dither.fx".
23:12:10:542 [26400] | INFO  | Successfully compiled "C:\Users\Secret322\Downloads\GZDoom\reshade-shaders\Shaders\ColorLab.fx".
23:12:10:542 [25400] | INFO  | Successfully compiled "C:\Users\Secret322\Downloads\GZDoom\reshade-shaders\Shaders\FlexibleCA.fx".
23:12:10:543 [04768] | INFO  | Successfully compiled "C:\Users\Secret322\Downloads\GZDoom\reshade-shaders\Shaders\MinimalColorGrading.fx".
23:12:10:544 [11972] | INFO  | Successfully compiled "C:\Users\Secret322\Downloads\GZDoom\reshade-shaders\Shaders\LumaSharpen.fx".
23:12:10:544 [17768] | INFO  | Successfully compiled "C:\Users\Secret322\Downloads\GZDoom\reshade-shaders\Shaders\PD80\PD80_03_Levels.fx".
23:12:10:545 [26320] | INFO  | Successfully compiled "C:\Users\Secret322\Downloads\GZDoom\reshade-shaders\Shaders\UnrealLens.fx".
23:12:10:545 [14048] | WARN  | Successfully compiled "C:\Users\Secret322\Downloads\GZDoom\reshade-shaders\Shaders\AstrayFX\RadiantGI.fx" with warnings:
For the latest version go https://blueskydefender.github.io/AstrayFX/ or http://www.Depth3D.info ¿(4, 2): preprocessor warning:  ÂT ÂA ÂM ÂP ÂE ÂR ÂE ÂD 

23:12:10:546 [14972] | INFO  | Successfully compiled "C:\Users\Secret322\Downloads\GZDoom\reshade-shaders\Shaders\PD80\PD80_04_Selective_Color.fx".
23:12:10:546 [11308] | INFO  | Successfully compiled "C:\Users\Secret322\Downloads\GZDoom\reshade-shaders\Shaders\Splitscreen.fx".
23:12:10:547 [25788] | INFO  | Successfully compiled "C:\Users\Secret322\Downloads\GZDoom\reshade-shaders\Shaders\PD80\PD80_02_Bonus_LUT_pack.fx".
23:12:10:547 [26256] | INFO  | Successfully compiled "C:\Users\Secret322\Downloads\GZDoom\reshade-shaders\Shaders\Curves.fx".
23:12:10:548 [23836] | INFO  | Successfully compiled "C:\Users\Secret322\Downloads\GZDoom\reshade-shaders\Shaders\HQ4X.fx".
23:12:10:548 [16472] | INFO  | Successfully compiled "C:\Users\Secret322\Downloads\GZDoom\reshade-shaders\Shaders\WhitepointFixer.fx".
23:12:10:548 [07024] | INFO  | Successfully compiled "C:\Users\Secret322\Downloads\GZDoom\reshade-shaders\Shaders\AspectRatioSuite.fx".
23:12:10:549 [18108] | INFO  | Successfully compiled "C:\Users\Secret322\Downloads\GZDoom\reshade-shaders\Shaders\PD80\PD80_04_Color_Isolation.fx".
23:12:10:550 [22592] | INFO  | Successfully compiled "C:\Users\Secret322\Downloads\GZDoom\reshade-shaders\Shaders\AstrayFX\DLAA_Plus.fx".
23:12:10:551 [26400] | INFO  | Successfully compiled "C:\Users\Secret322\Downloads\GZDoom\reshade-shaders\Shaders\ColorMatrix.fx".
23:12:10:554 [04936] | INFO  | Successfully compiled "C:\Users\Secret322\Downloads\GZDoom\reshade-shaders\Shaders\PD80\PD80_06_Luma_Fade.fx".
23:12:10:556 [11972] | INFO  | Successfully compiled "C:\Users\Secret322\Downloads\GZDoom\reshade-shaders\Shaders\LUT.fx".
23:12:10:556 [25400] | INFO  | Successfully compiled "C:\Users\Secret322\Downloads\GZDoom\reshade-shaders\Shaders\FocalDOF.fx".
23:12:10:556 [04768] | INFO  | Successfully compiled "C:\Users\Secret322\Downloads\GZDoom\reshade-shaders\Shaders\Monochrome.fx".
23:12:10:559 [07024] | INFO  | Successfully compiled "C:\Users\Secret322\Downloads\GZDoom\reshade-shaders\Shaders\Border.fx".
23:12:10:559 [23836] | INFO  | Successfully compiled "C:\Users\Secret322\Downloads\GZDoom\reshade-shaders\Shaders\Layer.fx".
23:12:10:561 [25788] | INFO  | Successfully compiled "C:\Users\Secret322\Downloads\GZDoom\reshade-shaders\Shaders\PD80\PD80_02_Cinetools_LUT.fx".
23:12:10:563 [16472] | INFO  | Successfully compiled "C:\Users\Secret322\Downloads\GZDoom\reshade-shaders\Shaders\PD80\PD80_01A_RT_Correct_Contrast.fx".
23:12:10:564 [18108] | INFO  | Successfully compiled "C:\Users\Secret322\Downloads\GZDoom\reshade-shaders\Shaders\PD80\PD80_04_Color_Temperature.fx".
23:12:10:567 [17768] | INFO  | Successfully compiled "C:\Users\Secret322\Downloads\GZDoom\reshade-shaders\Shaders\PD80\PD80_03_Shadows_Midtones_Highlights.fx".
23:12:10:567 [04936] | INFO  | Successfully compiled "C:\Users\Secret322\Downloads\GZDoom\reshade-shaders\Shaders\PD80\PD80_06_Posterize_Pixelate.fx".
23:12:10:567 [04768] | INFO  | Successfully compiled "C:\Users\Secret322\Downloads\GZDoom\reshade-shaders\Shaders\MultiFX.fx".
23:12:10:570 [22592] | INFO  | Successfully compiled "C:\Users\Secret322\Downloads\GZDoom\reshade-shaders\Shaders\AstrayFX\Flair.fx".
23:12:10:570 [14972] | INFO  | Successfully compiled "C:\Users\Secret322\Downloads\GZDoom\reshade-shaders\Shaders\PD80\PD80_04_Selective_Color_v2.fx".
23:12:10:571 [26880] | WARN  | Successfully compiled "C:\Users\Secret322\Downloads\GZDoom\reshade-shaders\Shaders\Pong.fx" with warnings:
C:\Users\Secret322\Downloads\GZDoom\reshade-shaders\Shaders\FXShaders/Digits.fxh(827, 31): warning X3206: implicit truncation of vector type
C:\Users\Secret322\Downloads\GZDoom\reshade-shaders\Shaders\Pong.fx(244, 38): warning X3206: implicit truncation of vector type

23:12:10:574 [14048] | INFO  | Successfully compiled "C:\Users\Secret322\Downloads\GZDoom\reshade-shaders\Shaders\AstrayFX\Smart_Sharp.fx".
23:12:10:582 [26880] | INFO  | Successfully compiled "C:\Users\Secret322\Downloads\GZDoom\reshade-shaders\Shaders\RetroFog.fx".
23:12:10:582 [14972] | INFO  | Successfully compiled "C:\Users\Secret322\Downloads\GZDoom\reshade-shaders\Shaders\PD80\PD80_04_Technicolor.fx".
23:12:10:583 [18108] | INFO  | Successfully compiled "C:\Users\Secret322\Downloads\GZDoom\reshade-shaders\Shaders\PD80\PD80_04_Contrast_Brightness_Saturation.fx".
23:12:10:594 [04768] | INFO  | Successfully compiled "C:\Users\Secret322\Downloads\GZDoom\reshade-shaders\Shaders\NeoBloom.fx".
23:12:10:596 [14048] | INFO  | Successfully compiled "C:\Users\Secret322\Downloads\GZDoom\reshade-shaders\Shaders\AstrayFX\Temporal_AA.fx".
23:12:10:603 [14048] | INFO  | Successfully compiled "C:\Users\Secret322\Downloads\GZDoom\reshade-shaders\Shaders\AstrayFX\Trails.fx".
23:12:10:611 [22592] | INFO  | Successfully compiled "C:\Users\Secret322\Downloads\GZDoom\reshade-shaders\Shaders\AstrayFX\GloomAO.fx".
23:12:10:718 [20292] | INFO  | Loading image files for textures ...
23:12:14:490 [20292] | INFO  | Redirecting wglDeleteContext(hglrc = 0000000000020000) ...
23:12:14:565 [20292] | INFO  | Exiting ...
23:12:14:565 [20292] | INFO  | Uninstalling 531 hook(s) ...
23:12:15:606 [20292] | INFO  | Finished exiting.
